Starting fit
  Using response integration
  Doing burn in with 100 steps
  Doing main chain with 250 steps
  Fit complete
   Mean acceptance fraction: 0.043984
   Autocorrelation time: 
    Number of burn in steps (100) should be larger than these
	T:        61.682151
	beta:     66.277168
	lambda0:  69.997496
	alpha:    69.256864
	fnorm:    71.538475
Computing peak obs-frame wavelength
Computing L_IR (42.5-122.5um)
Computing dust mass
Fit results:
T/(1+z): 31.49 +7.14 -6.58 (low lim: 1.00 upper lim: 80.00) [K]
Trest: 52.08 +11.81 -10.88[K]
beta: 1.71 +0.41 -0.49 (low lim: 0.10 upper lim: 20.00 prior: 1.90 0.50) 
fnorm: 57.01 +13.68 -14.02 (low lim: 0.00) [mJy]
lambda0 (1+z): 592.97 +289.32 -349.45 (low lim: 1.00 upper lim: 800.00) [um]
lambda0 rest-frame: 358.49 +174.92 -211.27[um] 
alpha: 1.57 +0.49 -0.61 (low lim: 0.10 upper lim: 20.00)
Lambda peak: 168.5 +24.2 -44.0 [um]
L_IR(42.5 to 122.5um): 3.56 +1.80 -1.99 [10^12 L_sun]
M_d(kappa=2.64, lam=125.0um): 114.40 +-97.48 -110.18 [10^8 M_sun]
Number of data points: 8
ChiSquare of best fit point: 3.30
Saving results to thickPower_priorBeta_limT.h5
