# Note the default COSMOLOGY is WMAP9


don't fix any parameters, prior on beta, Temp
================================================================
Parameters: f_norm, T, alpha, lambda_0, beta
>>> mbb_emcee --initT 27.21 --upT 80 -b 100 -t 3 --initBeta 1.5 --priorBeta 1.9 0.5 --upLambda0 1500 --get_peaklambda --get_lir --lir_range 42.5 122.5  -v -z 0.6537 -p ./ --response --get_dustmass Contdata_7pts.txt thickPower_priorBeta_limT.h5 > thickPower_priorBeta_limT.log


don't fix any parameters, prior on beta
================================================================
Parameters: f_norm, T, alpha, lambda_0, beta
>>> mbb_emcee --initT 27.21 -b 100 -t 3 --initBeta 1.5 --priorBeta 1.9 0.3 --upLambda0 1500 --get_peaklambda --get_lir --lir_range 42.5 122.5  -v -z 0.6537 -p ./ --response --get_dustmass Contdata_7pts.txt thickPower_priorBeta.h5 > thickPower_priorBeta.log


# Fix beta only
================================================================
Parameters: f_norm, T, alpha
#### Optically thin + powerlaw, fix beta = 1.5
>>> mbb_emcee --initT 27.21 -b 100 -t 3 --initBeta 1.5 --fixBeta --get_peaklambda --get_lir -v -z 0.6537 -p ./ --response --get_dustmass --opthin Contdata_7pts.txt thinPower_fixBeta.h5 > thinPower_fixBeta.log- Output: thinPower_fixBeta.h5; thinPower_fixBeta.log

Parameters: f_norm, alpha, lambda_0, T
#### optically thick + powerlaw, fix beta = 1.5
>>> mbb_emcee --initT 27.21 -b 100 -t 3 --initBeta 1.5 --fixBeta --get_peaklambda --get_lir -v -z 0.6537 -p ./ --response --get_dustmass Contdata_7pts.txt thickPower_fixBeta.h5 > thickPower_fixBeta.log

===========================================================
Parameters: f_norm, alpha, lambda_0
#### optically thick + powerlaw, fix beta = 1.5, fix T_rest = 45 K
>>> mbb_emcee --initT 27.21 --fixT  -b 100 -t 3 --initBeta 1.5 --fixBeta --get_peaklambda --get_lir -v -z 0.6537 -p ./ --response --get_dustmass Contdata_7pts.txt thickPower_fixTrest45_fixBeta.h5 > thickPower_fixTrest45_fixBeta.log
- T here is the observed-frame = 45/(1+z)
- included ~15% calibration error to PdBI continuum, added in quadrature

#### optically thick + powerlaw, fix beta = 1.5, fix T_rest = 40 K
>>> mbb_emcee --initT 24.184 --fixT  -b 100 -t 3 --initBeta 1.5 --fixBeta --get_peaklambda --get_lir -v -z 0.6537 -p ./ --response --get_dustmass --noalpha Contdata_7pts.txt thickPower_fixTrest40_fixBeta.h5 > thickPower_fixTrest40_fixBeta.log
- T here is the observed-frame = 40/(1+z)


#### optically thick + powerlaw, fix beta = 1.5, fix T_rest = 35 K
>>> mbb_emcee --initT 21.16 --fixT  -b 100 -t 3 --initBeta 1.5 --fixBeta --get_peaklambda --get_lir -v -z 0.6537 -p ./ --response --get_dustmass --noalpha Contdata_7pts.txt thickPower_fixTrest35_fixBeta.h5 > thickPower_fixTrest35_fixBeta.log


#### optically thick + powerlaw, fix beta = 1.5, fix T_rest = 30 K
>>> mbb_emcee --initT 18.13 --fixT  -b 100 -t 3 --initBeta 1.5 --fixBeta --get_peaklambda --get_lir -v -z 0.6537 -p ./ --response --get_dustmass Contdata_7pts.txt thickPower_fixTrest30_fixBeta.h5 > thickPower_fixTrest30_fixBeta.log


# Fix Tdust and Beta
================================================================
Parameters: f_norm, alpha
#### Optically thin + powerlaw, fix beta = 1.5, fix T_rest = 45
>>> mbb_emcee --initT 27.21 --fixT -b 100 -t 3 --initBeta 1.5 --fixBeta --get_peaklambda --get_lir -v -z 0.6537 -p ./ --response --get_dustmass --opthin Contdata_7pts.txt thinPower_fixTrest45_fixBeta.h5 > thinPower_fixTrest45_fixBeta.log- Output: thinPower_fixTrest45_fixBeta.h5 >  thinPower_fixTrest45_fixBeta.log

#### Optically thin + powerlaw, fix beta = 1.5, fix T_rest = 40
>>> mbb_emcee --initT 24.18 --fixT -b 100 -t 3 --initBeta 1.5 --fixBeta --get_peaklambda --get_lir -v -z 0.6537 -p ./ --response --get_dustmass --opthin Contdata_7pts.txt thinPower_fixTrest40_fixBeta.h5 > thinPower_fixTrest40_fixBeta.log- Output: thinPower_fixTrest40_fixBeta.h5 > thinPower_fixTrest40_fixBeta.log

#### Optically thin + powerlaw, fix beta = 1.5, fix T_rest = 35
>>> mbb_emcee --initT 21.16 --fixT -b 100 -t 3 --initBeta 1.5 --fixBeta --get_peaklambda --get_lir -v -z 0.6537 -p ./ --response --get_dustmass --opthin Contdata_7pts.txt thinPower_fixTrest35_fixBeta.h5 > thinPower_fixTrest35_fixBeta.log- Output: thinPower_fixTrest35_fixBeta.h5 > thinPower_fixTrest35_fixBeta.log

#### Optically thin + powerlaw, fix beta = 1.5, fix T_rest = 30
>>> mbb_emcee --initT 18.14 --fixT -b 100 -t 3 --initBeta 1.5 --fixBeta --get_peaklambda --get_lir -v -z 0.6537 -p ./ --response --get_dustmass --opthin Contdata_7pts.txt thinPower_fixTrest30_fixBeta.h5 > thinPower_fixTrest30_fixBeta.log- Output: thinPower_fixTrest30_fixBeta.h5 > thinPower_fixTrest30_fixBeta.log

